Android-Cookbook-Examples/FacebookSdk/build/outputs/logs/manifest-merger-debug-report.txt
-- Merging decision tree log ---
manifest
ADDED from Android-Cookbook-Examples/FacebookSdk/AndroidManifest.xml:2:1-21:12
INJECTED from Android-Cookbook-Examples/FacebookSdk/AndroidManifest.xml:2:1-21:12
INJECTED from Android-Cookbook-Examples/FacebookSdk/AndroidManifest.xml:2:1-21:12
MERGED from [com.android.support:appcompat-v7:28.0.0] AndroidManifest.xml:17:1-22:12
MERGED from [com.android.support:support-fragment:28.0.0] AndroidManifest.xml:17:1-22:12
MERGED from [com.android.support:animated-vector-drawable:28.0.0] AndroidManifest.xml:17:1-22:12
MERGED from [com.android.support:support-core-ui:28.0.0] AndroidManifest.xml:17:1-22:12
MERGED from [com.android.support:support-core-utils:28.0.0] AndroidManifest.xml:17:1-22:12
MERGED from [com.android.support:support-vector-drawable:28.0.0] AndroidManifest.xml:17:1-22:12
MERGED from [com.android.support:loader:28.0.0] AndroidManifest.xml:17:1-22:12
MERGED from [com.android.support:viewpager:28.0.0] AndroidManifest.xml:17:1-22:12
MERGED from [com.android.support:coordinatorlayout:28.0.0] AndroidManifest.xml:17:1-22:12
MERGED from [com.android.support:drawerlayout:28.0.0] AndroidManifest.xml:17:1-22:12
MERGED from [com.android.support:slidingpanelayout:28.0.0] AndroidManifest.xml:17:1-22:12
MERGED from [com.android.support:customview:28.0.0] AndroidManifest.xml:17:1-22:12
MERGED from [com.android.support:swiperefreshlayout:28.0.0] AndroidManifest.xml:17:1-22:12
MERGED from [com.android.support:asynclayoutinflater:28.0.0] AndroidManifest.xml:17:1-22:12
MERGED from [com.android.support:support-compat:28.0.0] AndroidManifest.xml:17:1-24:12
MERGED from [com.android.support:versionedparcelable:28.0.0] AndroidManifest.xml:17:1-25:12
MERGED from [com.android.support:cursoradapter:28.0.0] AndroidManifest.xml:17:1-22:12
MERGED from [android.arch.lifecycle:runtime:1.1.1] AndroidManifest.xml:17:1-22:12
MERGED from [com.android.support:documentfile:28.0.0] AndroidManifest.xml:17:1-22:12
MERGED from [com.android.support:localbroadcastmanager:28.0.0] AndroidManifest.xml:17:1-22:12
MERGED from [com.android.support:print:28.0.0] AndroidManifest.xml:17:1-22:12
MERGED from [android.arch.lifecycle:viewmodel:1.1.1] AndroidManifest.xml:17:1-22:12
MERGED from [android.arch.lifecycle:livedata:1.1.1] AndroidManifest.xml:17:1-22:12
MERGED from [android.arch.lifecycle:livedata-core:1.1.1] AndroidManifest.xml:17:1-22:12
MERGED from [android.arch.core:runtime:1.1.1] AndroidManifest.xml:17:1-22:12
MERGED from [com.android.support:interpolator:28.0.0] AndroidManifest.xml:17:1-22:12
INJECTED from Android-Cookbook-Examples/FacebookSdk/AndroidManifest.xml:2:1-21:12
INJECTED from Android-Cookbook-Examples/FacebookSdk/AndroidManifest.xml:2:1-21:12
	package
		ADDED from Android-Cookbook-Examples/FacebookSdk/AndroidManifest.xml:4:2-32
	android:versionName
		ADDED from Android-Cookbook-Examples/FacebookSdk/AndroidManifest.xml:5:2-27
		INJECTED from Android-Cookbook-Examples/FacebookSdk/AndroidManifest.xml
		INJECTED from Android-Cookbook-Examples/FacebookSdk/AndroidManifest.xml
	xmlns:android
		ADDED from Android-Cookbook-Examples/FacebookSdk/AndroidManifest.xml:3:2-60
	android:versionCode
		ADDED from Android-Cookbook-Examples/FacebookSdk/AndroidManifest.xml:4:33-56
		INJECTED from Android-Cookbook-Examples/FacebookSdk/AndroidManifest.xml
		INJECTED from Android-Cookbook-Examples/FacebookSdk/AndroidManifest.xml
uses-permission#android.permission.INTERNET
ADDED from Android-Cookbook-Examples/FacebookSdk/AndroidManifest.xml:7:2-64
	android:name
		ADDED from Android-Cookbook-Examples/FacebookSdk/AndroidManifest.xml:7:19-61
uses-permission#android.permission.ACCESS_FINE_LOCATION
ADDED from Android-Cookbook-Examples/FacebookSdk/AndroidManifest.xml:8:2-76
	android:name
		ADDED from Android-Cookbook-Examples/FacebookSdk/AndroidManifest.xml:8:19-73
application
ADDED from Android-Cookbook-Examples/FacebookSdk/AndroidManifest.xml:11:2-20:16
MERGED from [com.android.support:support-compat:28.0.0] AndroidManifest.xml:22:5-94
MERGED from [com.android.support:support-compat:28.0.0] AndroidManifest.xml:22:5-94
MERGED from [com.android.support:versionedparcelable:28.0.0] AndroidManifest.xml:22:5-23:19
MERGED from [com.android.support:versionedparcelable:28.0.0] AndroidManifest.xml:22:5-23:19
	android:appComponentFactory
		ADDED from [com.android.support:support-compat:28.0.0] AndroidManifest.xml:22:18-91
	android:label
		ADDED from Android-Cookbook-Examples/FacebookSdk/AndroidManifest.xml:12:3-35
	android:icon
		ADDED from Android-Cookbook-Examples/FacebookSdk/AndroidManifest.xml:11:15-53
activity#com.facebook.android.Main
ADDED from Android-Cookbook-Examples/FacebookSdk/AndroidManifest.xml:13:3-18:14
	android:label
		ADDED from Android-Cookbook-Examples/FacebookSdk/AndroidManifest.xml:13:34-66
	android:name
		ADDED from Android-Cookbook-Examples/FacebookSdk/AndroidManifest.xml:13:13-33
intent-filter#action:name:android.intent.action.MAIN+category:name:android.intent.category.LAUNCHER
ADDED from Android-Cookbook-Examples/FacebookSdk/AndroidManifest.xml:14:4-17:20
action#android.intent.action.MAIN
ADDED from Android-Cookbook-Examples/FacebookSdk/AndroidManifest.xml:15:5-57
	android:name
		ADDED from Android-Cookbook-Examples/FacebookSdk/AndroidManifest.xml:15:13-54
category#android.intent.category.LAUNCHER
ADDED from Android-Cookbook-Examples/FacebookSdk/AndroidManifest.xml:16:5-65
	android:name
		ADDED from Android-Cookbook-Examples/FacebookSdk/AndroidManifest.xml:16:15-62
uses-sdk
INJECTED from Android-Cookbook-Examples/FacebookSdk/AndroidManifest.xml reason: use-sdk injection requested
INJECTED from Android-Cookbook-Examples/FacebookSdk/AndroidManifest.xml
INJECTED from Android-Cookbook-Examples/FacebookSdk/AndroidManifest.xml
MERGED from [com.android.support:appcompat-v7:28.0.0] AndroidManifest.xml:20:5-44
MERGED from [com.android.support:appcompat-v7:28.0.0] AndroidManifest.xml:20:5-44
MERGED from [com.android.support:support-fragment:28.0.0] AndroidManifest.xml:20:5-44
MERGED from [com.android.support:support-fragment:28.0.0] AndroidManifest.xml:20:5-44
MERGED from [com.android.support:animated-vector-drawable:28.0.0] AndroidManifest.xml:20:5-44
MERGED from [com.android.support:animated-vector-drawable:28.0.0] AndroidManifest.xml:20:5-44
MERGED from [com.android.support:support-core-ui:28.0.0] AndroidManifest.xml:20:5-44
MERGED from [com.android.support:support-core-ui:28.0.0] AndroidManifest.xml:20:5-44
MERGED from [com.android.support:support-core-utils:28.0.0] AndroidManifest.xml:20:5-44
MERGED from [com.android.support:support-core-utils:28.0.0] AndroidManifest.xml:20:5-44
MERGED from [com.android.support:support-vector-drawable:28.0.0] AndroidManifest.xml:20:5-44
MERGED from [com.android.support:support-vector-drawable:28.0.0] AndroidManifest.xml:20:5-44
MERGED from [com.android.support:loader:28.0.0] AndroidManifest.xml:20:5-44
MERGED from [com.android.support:loader:28.0.0] AndroidManifest.xml:20:5-44
MERGED from [com.android.support:viewpager:28.0.0] AndroidManifest.xml:20:5-44
MERGED from [com.android.support:viewpager:28.0.0] AndroidManifest.xml:20:5-44
MERGED from [com.android.support:coordinatorlayout:28.0.0] AndroidManifest.xml:20:5-44
MERGED from [com.android.support:coordinatorlayout:28.0.0] AndroidManifest.xml:20:5-44
MERGED from [com.android.support:drawerlayout:28.0.0] AndroidManifest.xml:20:5-44
MERGED from [com.android.support:drawerlayout:28.0.0] AndroidManifest.xml:20:5-44
MERGED from [com.android.support:slidingpanelayout:28.0.0] AndroidManifest.xml:20:5-44
MERGED from [com.android.support:slidingpanelayout:28.0.0] AndroidManifest.xml:20:5-44
MERGED from [com.android.support:customview:28.0.0] AndroidManifest.xml:20:5-44
MERGED from [com.android.support:customview:28.0.0] AndroidManifest.xml:20:5-44
MERGED from [com.android.support:swiperefreshlayout:28.0.0] AndroidManifest.xml:20:5-44
MERGED from [com.android.support:swiperefreshlayout:28.0.0] AndroidManifest.xml:20:5-44
MERGED from [com.android.support:asynclayoutinflater:28.0.0] AndroidManifest.xml:20:5-44
MERGED from [com.android.support:asynclayoutinflater:28.0.0] AndroidManifest.xml:20:5-44
MERGED from [com.android.support:support-compat:28.0.0] AndroidManifest.xml:20:5-44
MERGED from [com.android.support:support-compat:28.0.0] AndroidManifest.xml:20:5-44
MERGED from [com.android.support:versionedparcelable:28.0.0] AndroidManifest.xml:20:5-44
MERGED from [com.android.support:versionedparcelable:28.0.0] AndroidManifest.xml:20:5-44
MERGED from [com.android.support:cursoradapter:28.0.0] AndroidManifest.xml:20:5-44
MERGED from [com.android.support:cursoradapter:28.0.0] AndroidManifest.xml:20:5-44
MERGED from [android.arch.lifecycle:runtime:1.1.1] AndroidManifest.xml:20:5-44
MERGED from [android.arch.lifecycle:runtime:1.1.1] AndroidManifest.xml:20:5-44
MERGED from [com.android.support:documentfile:28.0.0] AndroidManifest.xml:20:5-44
MERGED from [com.android.support:documentfile:28.0.0] AndroidManifest.xml:20:5-44
MERGED from [com.android.support:localbroadcastmanager:28.0.0] AndroidManifest.xml:20:5-44
MERGED from [com.android.support:localbroadcastmanager:28.0.0] AndroidManifest.xml:20:5-44
MERGED from [com.android.support:print:28.0.0] AndroidManifest.xml:20:5-44
MERGED from [com.android.support:print:28.0.0] AndroidManifest.xml:20:5-44
MERGED from [android.arch.lifecycle:viewmodel:1.1.1] AndroidManifest.xml:20:5-44
MERGED from [android.arch.lifecycle:viewmodel:1.1.1] AndroidManifest.xml:20:5-44
MERGED from [android.arch.lifecycle:livedata:1.1.1] AndroidManifest.xml:20:5-44
MERGED from [android.arch.lifecycle:livedata:1.1.1] AndroidManifest.xml:20:5-44
MERGED from [android.arch.lifecycle:livedata-core:1.1.1] AndroidManifest.xml:20:5-44
MERGED from [android.arch.lifecycle:livedata-core:1.1.1] AndroidManifest.xml:20:5-44
MERGED from [android.arch.core:runtime:1.1.1] AndroidManifest.xml:20:5-44
MERGED from [android.arch.core:runtime:1.1.1] AndroidManifest.xml:20:5-44
MERGED from [com.android.support:interpolator:28.0.0] AndroidManifest.xml:20:5-44
MERGED from [com.android.support:interpolator:28.0.0] AndroidManifest.xml:20:5-44
INJECTED from Android-Cookbook-Examples/FacebookSdk/AndroidManifest.xml
INJECTED from Android-Cookbook-Examples/FacebookSdk/AndroidManifest.xml
	android:targetSdkVersion
		INJECTED from Android-Cookbook-Examples/FacebookSdk/AndroidManifest.xml
		ADDED from Android-Cookbook-Examples/FacebookSdk/AndroidManifest.xml
		INJECTED from Android-Cookbook-Examples/FacebookSdk/AndroidManifest.xml
	android:minSdkVersion
		INJECTED from Android-Cookbook-Examples/FacebookSdk/AndroidManifest.xml
		ADDED from Android-Cookbook-Examples/FacebookSdk/AndroidManifest.xml
		INJECTED from Android-Cookbook-Examples/FacebookSdk/AndroidManifest.xml